  BlankUserControl.cpp
  Calendar_uc.cpp
C:\Users\MT\Documents\code blocks\C++\streamCinet-App\Project5\ViewMovie.h(5,9): fatal  error C1083: Cannot open include file: 'json/json.h': No such file or directory
  DashBoard.cpp
C:\Users\MT\Documents\code blocks\C++\streamCinet-App\Project5\Mani.h(5,10): fatal  error C1083: Cannot open include file: 'json/json.h': No such file or directory
  DataBaseConnection.cpp
  DataBaseOperations.cpp
  DaysUserControl.cpp
C:\Users\MT\Documents\code blocks\C++\streamCinet-App\Project5\ViewMovie.h(5,9): fatal  error C1083: Cannot open include file: 'json/json.h': No such file or directory
  DiscoverUser.cpp
C:\Users\MT\Documents\code blocks\C++\streamCinet-App\Project5\Mani.h(5,10): fatal  error C1083: Cannot open include file: 'json/json.h': No such file or directory
  Library.cpp
C:\Users\MT\Documents\code blocks\C++\streamCinet-App\Project5\ViewMovie.h(5,9): fatal  error C1083: Cannot open include file: 'json/json.h': No such file or directory
  Login.cpp
  Mani.cpp
C:\Users\MT\Documents\code blocks\C++\streamCinet-App\Project5\Mani.h(5,10): fatal  error C1083: Cannot open include file: 'json/json.h': No such file or directory
  jsoncpp.cpp
  Movie.cpp
  MyForm.cpp
C:\Users\MT\Documents\code blocks\C++\streamCinet-App\Project5\MyForm.h(3,9): fatal  error C1083: Cannot open include file: 'json/json.h': No such file or directory
  PosterImage.cpp
C:\Users\MT\Documents\code blocks\C++\streamCinet-App\Project5\ViewMovie.h(5,9): fatal  error C1083: Cannot open include file: 'json/json.h': No such file or directory
  PosterPlanning.cpp
C:\Users\MT\Documents\code blocks\C++\streamCinet-App\Project5\ViewMovie.h(5,9): fatal  error C1083: Cannot open include file: 'json/json.h': No such file or directory
  Serie.cpp
  SignUp.cpp
  UserClass.cpp
  ViewMovie.cpp
C:\Users\MT\Documents\code blocks\C++\streamCinet-App\Project5\ViewMovie.h(5,9): fatal  error C1083: Cannot open include file: 'json/json.h': No such file or directory
  WatchForm.cpp
  Generating Code...
  Compiling...
  WatchLater_UC.cpp
C:\Users\MT\Documents\code blocks\C++\streamCinet-App\Project5\ViewMovie.h(5,9): fatal  error C1083: Cannot open include file: 'json/json.h': No such file or directory
  .NETFramework,Version=v4.7.2.AssemblyAttributes.cpp
  Generating Code...
